<?xml version="1.0" encoding="UTF-8"?>
<!-- Generated by org.testng.reporters.JUnitReportReporter -->
<testsuite hostname="DESKTOP-FEDTOVE" failures="0" tests="1" name="devops_Assign.Demo" time="6.768" errors="0" timestamp="2024-01-11T10:31:04 IST" skipped="0">
  <testcase classname="devops_Assign.Demo" name="f" time="6.768"/>
  <system-out/>
</testsuite> <!-- devops_Assign.Demo -->
