<?xml version="1.0" encoding="UTF-8"?>
<!-- Generated by org.testng.reporters.JUnitReportReporter -->
<testsuite hostname="DESKTOP-FEDTOVE" failures="0" tests="3" name="devops_Assign.AmazonCrossBrowserTest" time="22.994" errors="0" timestamp="2024-01-11T11:26:38 IST" skipped="0">
  <testcase classname="devops_Assign.AmazonCrossBrowserTest" name="browserTest" time="8.247"/>
  <system-out/>
  <testcase classname="devops_Assign.AmazonCrossBrowserTest" name="browserTest" time="4.575"/>
  <system-out/>
  <testcase classname="devops_Assign.AmazonCrossBrowserTest" name="browserTest" time="10.172"/>
  <system-out/>
</testsuite> <!-- devops_Assign.AmazonCrossBrowserTest -->
